# JRE version: Java(TM) SE Runtime Environment 18.9 (11.0.16.1+1) (build 11.0.16.1+1-LTS-1)
# Java VM: Java HotSpot(TM) 64-Bit Server VM 18.9 (11.0.16.1+1-LTS-1, mixed mode, tiered, compressed oops, g1 gc, windows-amd64)
Heap:
 garbage-first heap   total 131072K, used 65979K [0x0000000081400000, 0x0000000100000000)
  region size 1024K, 57 young (58368K), 7 survivors (7168K)
 Metaspace       used 40706K, capacity 41974K, committed 42240K, reserved 1085440K
  class space    used 4806K, capacity 5310K, committed 5376K, reserved 1048576K
GC Heap History (10 events):
Event: 10.083 GC heap before
{Heap before GC invocations=2 (full 0):
 garbage-first heap   total 131072K, used 30605K [0x0000000081400000, 0x0000000100000000)
  region size 1024K, 24 young (24576K), 1 survivors (1024K)
 Metaspace       used 15525K, capacity 15943K, committed 16128K, reserved 1062912K
  class space    used 1619K, capacity 1760K, committed 1792K, reserved 1048576K
}
Event: 10.121 GC heap after
{Heap after GC invocations=3 (full 0):
 garbage-first heap   total 131072K, used 8182K [0x0000000081400000, 0x0000000100000000)
  region size 1024K, 2 young (2048K), 2 survivors (2048K)
 Metaspace       used 15525K, capacity 15943K, committed 16128K, reserved 1062912K
  class space    used 1619K, capacity 1760K, committed 1792K, reserved 1048576K
}
Event: 12.837 GC heap before
{Heap before GC invocations=3 (full 0):
 garbage-first heap   total 131072K, used 38902K [0x0000000081400000, 0x0000000100000000)
  region size 1024K, 33 young (33792K), 2 survivors (2048K)
 Metaspace       used 20685K, capacity 21153K, committed 21296K, reserved 1069056K
  class space    used 2269K, capacity 2464K, committed 2560K, reserved 1048576K
}
Event: 12.844 GC heap after
{Heap after GC invocations=4 (full 0):
 garbage-first heap   total 131072K, used 9312K [0x0000000081400000, 0x0000000100000000)
  region size 1024K, 3 young (3072K), 3 survivors (3072K)
 Metaspace       used 20685K, capacity 21153K, committed 21296K, reserved 1069056K
  class space    used 2269K, capacity 2464K, committed 2560K, reserved 1048576K
}
Event: 14.914 GC heap before
{Heap before GC invocations=5 (full 0):
 garbage-first heap   total 131072K, used 59488K [0x0000000081400000, 0x0000000100000000)
  region size 1024K, 52 young (53248K), 3 survivors (3072K)
 Metaspace       used 25786K, capacity 26457K, committed 26496K, reserved 1073152K
  class space    used 2905K, capacity 3190K, committed 3200K, reserved 1048576K
}
Event: 14.923 GC heap after
{Heap after GC invocations=6 (full 0):
 garbage-first heap   total 131072K, used 11577K [0x0000000081400000, 0x0000000100000000)
  region size 1024K, 5 young (5120K), 5 survivors (5120K)
 Metaspace       used 25786K, capacity 26457K, committed 26496K, reserved 1073152K
  class space    used 2905K, capacity 3190K, committed 3200K, reserved 1048576K
}
Event: 18.263 GC heap before
{Heap before GC invocations=6 (full 0):
 garbage-first heap   total 131072K, used 75065K [0x0000000081400000, 0x0000000100000000)
  region size 1024K, 67 young (68608K), 5 survivors (5120K)
 Metaspace       used 31898K, capacity 32758K, committed 32896K, reserved 1077248K
  class space    used 3750K, capacity 4103K, committed 4224K, reserved 1048576K
}
Event: 18.277 GC heap after
{Heap after GC invocations=7 (full 0):
 garbage-first heap   total 131072K, used 14304K [0x0000000081400000, 0x0000000100000000)
  region size 1024K, 8 young (8192K), 8 survivors (8192K)
 Metaspace       used 31898K, capacity 32758K, committed 32896K, reserved 1077248K
  class space    used 3750K, capacity 4103K, committed 4224K, reserved 1048576K
}
Event: 21.923 GC heap before
{Heap before GC invocations=7 (full 0):
 garbage-first heap   total 131072K, used 33760K [0x0000000081400000, 0x0000000100000000)
  region size 1024K, 28 young (28672K), 8 survivors (8192K)
 Metaspace       used 34704K, capacity 35753K, committed 35840K, reserved 1081344K
  class space    used 4119K, capacity 4551K, committed 4608K, reserved 1048576K
}
Event: 21.935 GC heap after
{Heap after GC invocations=8 (full 0):
 garbage-first heap   total 131072K, used 15803K [0x0000000081400000, 0x0000000100000000)
  region size 1024K, 7 young (7168K), 7 survivors (7168K)
 Metaspace       used 34704K, capacity 35753K, committed 35840K, reserved 1081344K
  class space    used 4119K, capacity 4551K, committed 4608K, reserved 1048576K
}

